<?xml version="1.0" encoding="UTF-8"?>
<testsuite xmlns:xsi="http://www.w3.org/2001/XMLSchema-instance" xsi:noNamespaceSchemaLocation="https://maven.apache.org/surefire/maven-surefire-plugin/xsd/surefire-test-report-3.0.xsd" version="3.0" name="TestElasticsearch" time="0.712" tests="1" errors="0" skipped="0" failures="0">
  <properties>
    <property name="java.specification.version" value="17"/>
    <property name="sun.jnu.encoding" value="UTF-8"/>
    <property name="java.class.path" value="/Users/xis/workplace/xis/web-bee/webBee-elastic/target/test-classes:/Users/xis/workplace/xis/web-bee/webBee-elastic/target/classes:/Users/xis/.m2/repository/org/elasticsearch/client/transport/5.4.0/transport-5.4.0.jar:/Users/xis/.m2/repository/org/elasticsearch/elasticsearch/5.4.0/elasticsearch-5.4.0.jar:/Users/xis/.m2/repository/org/apache/lucene/lucene-core/6.5.0/lucene-core-6.5.0.jar:/Users/xis/.m2/repository/org/apache/lucene/lucene-analyzers-common/6.5.0/lucene-analyzers-common-6.5.0.jar:/Users/xis/.m2/repository/org/apache/lucene/lucene-backward-codecs/6.5.0/lucene-backward-codecs-6.5.0.jar:/Users/xis/.m2/repository/org/apache/lucene/lucene-grouping/6.5.0/lucene-grouping-6.5.0.jar:/Users/xis/.m2/repository/org/apache/lucene/lucene-highlighter/6.5.0/lucene-highlighter-6.5.0.jar:/Users/xis/.m2/repository/org/apache/lucene/lucene-join/6.5.0/lucene-join-6.5.0.jar:/Users/xis/.m2/repository/org/apache/lucene/lucene-memory/6.5.0/lucene-memory-6.5.0.jar:/Users/xis/.m2/repository/org/apache/lucene/lucene-misc/6.5.0/lucene-misc-6.5.0.jar:/Users/xis/.m2/repository/org/apache/lucene/lucene-queries/6.5.0/lucene-queries-6.5.0.jar:/Users/xis/.m2/repository/org/apache/lucene/lucene-queryparser/6.5.0/lucene-queryparser-6.5.0.jar:/Users/xis/.m2/repository/org/apache/lucene/lucene-sandbox/6.5.0/lucene-sandbox-6.5.0.jar:/Users/xis/.m2/repository/org/apache/lucene/lucene-spatial/6.5.0/lucene-spatial-6.5.0.jar:/Users/xis/.m2/repository/org/apache/lucene/lucene-spatial-extras/6.5.0/lucene-spatial-extras-6.5.0.jar:/Users/xis/.m2/repository/org/apache/lucene/lucene-spatial3d/6.5.0/lucene-spatial3d-6.5.0.jar:/Users/xis/.m2/repository/org/apache/lucene/lucene-suggest/6.5.0/lucene-suggest-6.5.0.jar:/Users/xis/.m2/repository/org/elasticsearch/securesm/1.1/securesm-1.1.jar:/Users/xis/.m2/repository/net/sf/jopt-simple/jopt-simple/5.0.2/jopt-simple-5.0.2.jar:/Users/xis/.m2/repository/com/carrotsearch/hppc/0.7.1/hppc-0.7.1.jar:/Users/xis/.m2/repository/joda-time/joda-time/2.9.5/joda-time-2.9.5.jar:/Users/xis/.m2/repository/org/yaml/snakeyaml/1.15/snakeyaml-1.15.jar:/Users/xis/.m2/repository/com/fasterxml/jackson/core/jackson-core/2.8.6/jackson-core-2.8.6.jar:/Users/xis/.m2/repository/com/fasterxml/jackson/dataformat/jackson-dataformat-smile/2.8.6/jackson-dataformat-smile-2.8.6.jar:/Users/xis/.m2/repository/com/fasterxml/jackson/dataformat/jackson-dataformat-yaml/2.8.6/jackson-dataformat-yaml-2.8.6.jar:/Users/xis/.m2/repository/com/fasterxml/jackson/dataformat/jackson-dataformat-cbor/2.8.6/jackson-dataformat-cbor-2.8.6.jar:/Users/xis/.m2/repository/com/tdunning/t-digest/3.0/t-digest-3.0.jar:/Users/xis/.m2/repository/org/hdrhistogram/HdrHistogram/2.1.9/HdrHistogram-2.1.9.jar:/Users/xis/.m2/repository/org/elasticsearch/jna/4.4.0/jna-4.4.0.jar:/Users/xis/.m2/repository/org/elasticsearch/plugin/transport-netty3-client/5.4.0/transport-netty3-client-5.4.0.jar:/Users/xis/.m2/repository/io/netty/netty/3.10.6.Final/netty-3.10.6.Final.jar:/Users/xis/.m2/repository/org/elasticsearch/plugin/transport-netty4-client/5.4.0/transport-netty4-client-5.4.0.jar:/Users/xis/.m2/repository/io/netty/netty-buffer/4.1.9.Final/netty-buffer-4.1.9.Final.jar:/Users/xis/.m2/repository/io/netty/netty-codec/4.1.9.Final/netty-codec-4.1.9.Final.jar:/Users/xis/.m2/repository/io/netty/netty-codec-http/4.1.9.Final/netty-codec-http-4.1.9.Final.jar:/Users/xis/.m2/repository/io/netty/netty-common/4.1.9.Final/netty-common-4.1.9.Final.jar:/Users/xis/.m2/repository/io/netty/netty-handler/4.1.9.Final/netty-handler-4.1.9.Final.jar:/Users/xis/.m2/repository/io/netty/netty-resolver/4.1.9.Final/netty-resolver-4.1.9.Final.jar:/Users/xis/.m2/repository/io/netty/netty-transport/4.1.9.Final/netty-transport-4.1.9.Final.jar:/Users/xis/.m2/repository/org/elasticsearch/plugin/reindex-client/5.4.0/reindex-client-5.4.0.jar:/Users/xis/.m2/repository/org/elasticsearch/client/rest/5.4.0/rest-5.4.0.jar:/Users/xis/.m2/repository/org/apache/httpcomponents/httpclient/4.5.2/httpclient-4.5.2.jar:/Users/xis/.m2/repository/org/apache/httpcomponents/httpcore/4.4.5/httpcore-4.4.5.jar:/Users/xis/.m2/repository/org/apache/httpcomponents/httpasyncclient/4.1.2/httpasyncclient-4.1.2.jar:/Users/xis/.m2/repository/org/apache/httpcomponents/httpcore-nio/4.4.5/httpcore-nio-4.4.5.jar:/Users/xis/.m2/repository/commons-codec/commons-codec/1.10/commons-codec-1.10.jar:/Users/xis/.m2/repository/commons-logging/commons-logging/1.1.3/commons-logging-1.1.3.jar:/Users/xis/.m2/repository/org/elasticsearch/plugin/lang-mustache-client/5.4.0/lang-mustache-client-5.4.0.jar:/Users/xis/.m2/repository/com/github/spullara/mustache/java/compiler/0.9.3/compiler-0.9.3.jar:/Users/xis/.m2/repository/org/elasticsearch/plugin/percolator-client/5.4.0/percolator-client-5.4.0.jar:/Users/xis/.m2/repository/org/apache/logging/log4j/log4j-api/2.8.2/log4j-api-2.8.2.jar:/Users/xis/.m2/repository/org/apache/logging/log4j/log4j-core/2.8.2/log4j-core-2.8.2.jar:/Users/xis/.m2/repository/junit/junit/4.12/junit-4.12.jar:/Users/xis/.m2/repository/org/hamcrest/hamcrest-core/1.3/hamcrest-core-1.3.jar:/Users/xis/.m2/repository/com/alibaba/fastjson/1.2.28/fastjson-1.2.28.jar:"/>
    <property name="java.vm.vendor" value="Amazon.com Inc."/>
    <property name="sun.arch.data.model" value="64"/>
    <property name="java.vendor.url" value="https://aws.amazon.com/corretto/"/>
    <property name="os.name" value="Mac OS X"/>
    <property name="java.vm.specification.version" value="17"/>
    <property name="sun.java.launcher" value="SUN_STANDARD"/>
    <property name="user.country" value="US"/>
    <property name="sun.boot.library.path" value="/Library/Java/JavaVirtualMachines/amazon-corretto-17.jdk/Contents/Home/lib"/>
    <property name="sun.java.command" value="/Users/xis/workplace/xis/web-bee/webBee-elastic/target/surefire/surefirebooter-20240110105520083_17.jar /Users/xis/workplace/xis/web-bee/webBee-elastic/target/surefire 2024-01-10T10-55-18_836-jvmRun1 surefire-20240110105520083_15tmp surefire_2-20240110105520083_16tmp"/>
    <property name="jdk.debug" value="release"/>
    <property name="surefire.test.class.path" value="/Users/xis/workplace/xis/web-bee/webBee-elastic/target/test-classes:/Users/xis/workplace/xis/web-bee/webBee-elastic/target/classes:/Users/xis/.m2/repository/org/elasticsearch/client/transport/5.4.0/transport-5.4.0.jar:/Users/xis/.m2/repository/org/elasticsearch/elasticsearch/5.4.0/elasticsearch-5.4.0.jar:/Users/xis/.m2/repository/org/apache/lucene/lucene-core/6.5.0/lucene-core-6.5.0.jar:/Users/xis/.m2/repository/org/apache/lucene/lucene-analyzers-common/6.5.0/lucene-analyzers-common-6.5.0.jar:/Users/xis/.m2/repository/org/apache/lucene/lucene-backward-codecs/6.5.0/lucene-backward-codecs-6.5.0.jar:/Users/xis/.m2/repository/org/apache/lucene/lucene-grouping/6.5.0/lucene-grouping-6.5.0.jar:/Users/xis/.m2/repository/org/apache/lucene/lucene-highlighter/6.5.0/lucene-highlighter-6.5.0.jar:/Users/xis/.m2/repository/org/apache/lucene/lucene-join/6.5.0/lucene-join-6.5.0.jar:/Users/xis/.m2/repository/org/apache/lucene/lucene-memory/6.5.0/lucene-memory-6.5.0.jar:/Users/xis/.m2/repository/org/apache/lucene/lucene-misc/6.5.0/lucene-misc-6.5.0.jar:/Users/xis/.m2/repository/org/apache/lucene/lucene-queries/6.5.0/lucene-queries-6.5.0.jar:/Users/xis/.m2/repository/org/apache/lucene/lucene-queryparser/6.5.0/lucene-queryparser-6.5.0.jar:/Users/xis/.m2/repository/org/apache/lucene/lucene-sandbox/6.5.0/lucene-sandbox-6.5.0.jar:/Users/xis/.m2/repository/org/apache/lucene/lucene-spatial/6.5.0/lucene-spatial-6.5.0.jar:/Users/xis/.m2/repository/org/apache/lucene/lucene-spatial-extras/6.5.0/lucene-spatial-extras-6.5.0.jar:/Users/xis/.m2/repository/org/apache/lucene/lucene-spatial3d/6.5.0/lucene-spatial3d-6.5.0.jar:/Users/xis/.m2/repository/org/apache/lucene/lucene-suggest/6.5.0/lucene-suggest-6.5.0.jar:/Users/xis/.m2/repository/org/elasticsearch/securesm/1.1/securesm-1.1.jar:/Users/xis/.m2/repository/net/sf/jopt-simple/jopt-simple/5.0.2/jopt-simple-5.0.2.jar:/Users/xis/.m2/repository/com/carrotsearch/hppc/0.7.1/hppc-0.7.1.jar:/Users/xis/.m2/repository/joda-time/joda-time/2.9.5/joda-time-2.9.5.jar:/Users/xis/.m2/repository/org/yaml/snakeyaml/1.15/snakeyaml-1.15.jar:/Users/xis/.m2/repository/com/fasterxml/jackson/core/jackson-core/2.8.6/jackson-core-2.8.6.jar:/Users/xis/.m2/repository/com/fasterxml/jackson/dataformat/jackson-dataformat-smile/2.8.6/jackson-dataformat-smile-2.8.6.jar:/Users/xis/.m2/repository/com/fasterxml/jackson/dataformat/jackson-dataformat-yaml/2.8.6/jackson-dataformat-yaml-2.8.6.jar:/Users/xis/.m2/repository/com/fasterxml/jackson/dataformat/jackson-dataformat-cbor/2.8.6/jackson-dataformat-cbor-2.8.6.jar:/Users/xis/.m2/repository/com/tdunning/t-digest/3.0/t-digest-3.0.jar:/Users/xis/.m2/repository/org/hdrhistogram/HdrHistogram/2.1.9/HdrHistogram-2.1.9.jar:/Users/xis/.m2/repository/org/elasticsearch/jna/4.4.0/jna-4.4.0.jar:/Users/xis/.m2/repository/org/elasticsearch/plugin/transport-netty3-client/5.4.0/transport-netty3-client-5.4.0.jar:/Users/xis/.m2/repository/io/netty/netty/3.10.6.Final/netty-3.10.6.Final.jar:/Users/xis/.m2/repository/org/elasticsearch/plugin/transport-netty4-client/5.4.0/transport-netty4-client-5.4.0.jar:/Users/xis/.m2/repository/io/netty/netty-buffer/4.1.9.Final/netty-buffer-4.1.9.Final.jar:/Users/xis/.m2/repository/io/netty/netty-codec/4.1.9.Final/netty-codec-4.1.9.Final.jar:/Users/xis/.m2/repository/io/netty/netty-codec-http/4.1.9.Final/netty-codec-http-4.1.9.Final.jar:/Users/xis/.m2/repository/io/netty/netty-common/4.1.9.Final/netty-common-4.1.9.Final.jar:/Users/xis/.m2/repository/io/netty/netty-handler/4.1.9.Final/netty-handler-4.1.9.Final.jar:/Users/xis/.m2/repository/io/netty/netty-resolver/4.1.9.Final/netty-resolver-4.1.9.Final.jar:/Users/xis/.m2/repository/io/netty/netty-transport/4.1.9.Final/netty-transport-4.1.9.Final.jar:/Users/xis/.m2/repository/org/elasticsearch/plugin/reindex-client/5.4.0/reindex-client-5.4.0.jar:/Users/xis/.m2/repository/org/elasticsearch/client/rest/5.4.0/rest-5.4.0.jar:/Users/xis/.m2/repository/org/apache/httpcomponents/httpclient/4.5.2/httpclient-4.5.2.jar:/Users/xis/.m2/repository/org/apache/httpcomponents/httpcore/4.4.5/httpcore-4.4.5.jar:/Users/xis/.m2/repository/org/apache/httpcomponents/httpasyncclient/4.1.2/httpasyncclient-4.1.2.jar:/Users/xis/.m2/repository/org/apache/httpcomponents/httpcore-nio/4.4.5/httpcore-nio-4.4.5.jar:/Users/xis/.m2/repository/commons-codec/commons-codec/1.10/commons-codec-1.10.jar:/Users/xis/.m2/repository/commons-logging/commons-logging/1.1.3/commons-logging-1.1.3.jar:/Users/xis/.m2/repository/org/elasticsearch/plugin/lang-mustache-client/5.4.0/lang-mustache-client-5.4.0.jar:/Users/xis/.m2/repository/com/github/spullara/mustache/java/compiler/0.9.3/compiler-0.9.3.jar:/Users/xis/.m2/repository/org/elasticsearch/plugin/percolator-client/5.4.0/percolator-client-5.4.0.jar:/Users/xis/.m2/repository/org/apache/logging/log4j/log4j-api/2.8.2/log4j-api-2.8.2.jar:/Users/xis/.m2/repository/org/apache/logging/log4j/log4j-core/2.8.2/log4j-core-2.8.2.jar:/Users/xis/.m2/repository/junit/junit/4.12/junit-4.12.jar:/Users/xis/.m2/repository/org/hamcrest/hamcrest-core/1.3/hamcrest-core-1.3.jar:/Users/xis/.m2/repository/com/alibaba/fastjson/1.2.28/fastjson-1.2.28.jar:"/>
    <property name="sun.cpu.endian" value="little"/>
    <property name="user.home" value="/Users/xis"/>
    <property name="user.language" value="en"/>
    <property name="java.specification.vendor" value="Oracle Corporation"/>
    <property name="java.version.date" value="2023-10-17"/>
    <property name="java.home" value="/Library/Java/JavaVirtualMachines/amazon-corretto-17.jdk/Contents/Home"/>
    <property name="file.separator" value="/"/>
    <property name="basedir" value="/Users/xis/workplace/xis/web-bee/webBee-elastic"/>
    <property name="java.vm.compressedOopsMode" value="Zero based"/>
    <property name="line.separator" value="&#10;"/>
    <property name="java.vm.specification.vendor" value="Oracle Corporation"/>
    <property name="java.specification.name" value="Java Platform API Specification"/>
    <property name="surefire.real.class.path" value="/Users/xis/workplace/xis/web-bee/webBee-elastic/target/surefire/surefirebooter-20240110105520083_17.jar"/>
    <property name="sun.management.compiler" value="HotSpot 64-Bit Tiered Compilers"/>
    <property name="java.runtime.version" value="17.0.9+8-LTS"/>
    <property name="user.name" value="xis"/>
    <property name="path.separator" value=":"/>
    <property name="os.version" value="13.6.3"/>
    <property name="java.runtime.name" value="OpenJDK Runtime Environment"/>
    <property name="file.encoding" value="UTF-8"/>
    <property name="java.vm.name" value="OpenJDK 64-Bit Server VM"/>
    <property name="java.vendor.version" value="Corretto-17.0.9.8.1"/>
    <property name="localRepository" value="/Users/xis/.m2/repository"/>
    <property name="java.vendor.url.bug" value="https://github.com/corretto/corretto-17/issues/"/>
    <property name="java.io.tmpdir" value="/var/folders/s3/vhzd7_l55gl1x7vgrgn_jy7h0000gr/T/"/>
    <property name="java.version" value="17.0.9"/>
    <property name="user.dir" value="/Users/xis/workplace/xis/web-bee/webBee-elastic"/>
    <property name="os.arch" value="aarch64"/>
    <property name="java.vm.specification.name" value="Java Virtual Machine Specification"/>
    <property name="native.encoding" value="UTF-8"/>
    <property name="java.library.path" value="/Users/xis/Library/Java/Extensions:/Library/Java/Extensions:/Network/Library/Java/Extensions:/System/Library/Java/Extensions:/usr/lib/java:."/>
    <property name="java.vm.info" value="mixed mode, sharing"/>
    <property name="java.vendor" value="Amazon.com Inc."/>
    <property name="java.vm.version" value="17.0.9+8-LTS"/>
    <property name="sun.io.unicode.encoding" value="UnicodeBig"/>
    <property name="java.class.version" value="61.0"/>
  </properties>
  <testcase name="test" classname="TestElasticsearch" time="0.69">
    <system-out><![CDATA[no modules loaded
loaded plugin [org.elasticsearch.index.reindex.ReindexPlugin]
loaded plugin [org.elasticsearch.percolator.PercolatorPlugin]
loaded plugin [org.elasticsearch.script.mustache.MustachePlugin]
loaded plugin [org.elasticsearch.transport.Netty3Plugin]
loaded plugin [org.elasticsearch.transport.Netty4Plugin]
]]></system-out>
    <system-err><![CDATA[NoNodeAvailableException[None of the configured nodes are available: [{#transport#-1}{ETAiUeq9To2s97bLAcN-1Q}{localhost}{127.0.0.1:9300}]]
	at org.elasticsearch.client.transport.TransportClientNodesService.ensureNodesAreAvailable(TransportClientNodesService.java:348)
	at org.elasticsearch.client.transport.TransportClientNodesService.execute(TransportClientNodesService.java:246)
	at org.elasticsearch.client.transport.TransportProxyClient.execute(TransportProxyClient.java:59)
	at org.elasticsearch.client.transport.TransportClient.doExecute(TransportClient.java:366)
	at org.elasticsearch.client.support.AbstractClient.execute(AbstractClient.java:408)
	at org.elasticsearch.action.ActionRequestBuilder.execute(ActionRequestBuilder.java:80)
	at org.elasticsearch.action.ActionRequestBuilder.execute(ActionRequestBuilder.java:54)
	at org.elasticsearch.action.ActionRequestBuilder.get(ActionRequestBuilder.java:62)
	at TestElasticsearch.test(TestElasticsearch.java:45)
	at java.base/jdk.internal.reflect.NativeMethodAccessorImpl.invoke0(Native Method)
	at java.base/jdk.internal.reflect.NativeMethodAccessorImpl.invoke(NativeMethodAccessorImpl.java:77)
	at java.base/jdk.internal.reflect.DelegatingMethodAccessorImpl.invoke(DelegatingMethodAccessorImpl.java:43)
	at java.base/java.lang.reflect.Method.invoke(Method.java:568)
	at org.junit.runners.model.FrameworkMethod$1.runReflectiveCall(FrameworkMethod.java:50)
	at org.junit.internal.runners.model.ReflectiveCallable.run(ReflectiveCallable.java:12)
	at org.junit.runners.model.FrameworkMethod.invokeExplosively(FrameworkMethod.java:47)
	at org.junit.internal.runners.statements.InvokeMethod.evaluate(InvokeMethod.java:17)
	at org.junit.runners.ParentRunner.runLeaf(ParentRunner.java:325)
	at org.junit.runners.BlockJUnit4ClassRunner.runChild(BlockJUnit4ClassRunner.java:78)
	at org.junit.runners.BlockJUnit4ClassRunner.runChild(BlockJUnit4ClassRunner.java:57)
	at org.junit.runners.ParentRunner$3.run(ParentRunner.java:290)
	at org.junit.runners.ParentRunner$1.schedule(ParentRunner.java:71)
	at org.junit.runners.ParentRunner.runChildren(ParentRunner.java:288)
	at org.junit.runners.ParentRunner.access$000(ParentRunner.java:58)
	at org.junit.runners.ParentRunner$2.evaluate(ParentRunner.java:268)
	at org.junit.runners.ParentRunner.run(ParentRunner.java:363)
	at org.apache.maven.surefire.junit4.JUnit4Provider.execute(JUnit4Provider.java:316)
	at org.apache.maven.surefire.junit4.JUnit4Provider.executeWithRerun(JUnit4Provider.java:240)
	at org.apache.maven.surefire.junit4.JUnit4Provider.executeTestSet(JUnit4Provider.java:214)
	at org.apache.maven.surefire.junit4.JUnit4Provider.invoke(JUnit4Provider.java:155)
	at org.apache.maven.surefire.booter.ForkedBooter.runSuitesInProcess(ForkedBooter.java:385)
	at org.apache.maven.surefire.booter.ForkedBooter.execute(ForkedBooter.java:162)
	at org.apache.maven.surefire.booter.ForkedBooter.run(ForkedBooter.java:507)
	at org.apache.maven.surefire.booter.ForkedBooter.main(ForkedBooter.java:495)
]]></system-err>
  </testcase>
</testsuite>