<?xml version="1.0" encoding="UTF-8"?>
<testsuite xmlns:xsi="http://www.w3.org/2001/XMLSchema-instance" xsi:noNamespaceSchemaLocation="https://maven.apache.org/surefire/maven-surefire-plugin/xsd/surefire-test-report-3.0.xsd" version="3.0" name="downFile.TestFileDownload" time="0.021" tests="1" errors="0" skipped="0" failures="0">
  <properties>
    <property name="java.specification.version" value="17"/>
    <property name="sun.jnu.encoding" value="UTF-8"/>
    <property name="java.class.path" value="/Users/xis/workplace/xis/web-bee/webBee-core/target/test-classes:/Users/xis/workplace/xis/web-bee/webBee-core/target/classes:/Users/xis/.m2/repository/org/apache/httpcomponents/httpclient/4.5.2/httpclient-4.5.2.jar:/Users/xis/.m2/repository/org/apache/httpcomponents/httpcore/4.4.4/httpcore-4.4.4.jar:/Users/xis/.m2/repository/commons-logging/commons-logging/1.2/commons-logging-1.2.jar:/Users/xis/.m2/repository/commons-codec/commons-codec/1.9/commons-codec-1.9.jar:/Users/xis/.m2/repository/org/jsoup/jsoup/1.10.2/jsoup-1.10.2.jar:/Users/xis/.m2/repository/org/apache/commons/commons-lang3/3.1/commons-lang3-3.1.jar:/Users/xis/.m2/repository/log4j/log4j/1.2.17/log4j-1.2.17.jar:/Users/xis/.m2/repository/junit/junit/4.12/junit-4.12.jar:/Users/xis/.m2/repository/org/hamcrest/hamcrest-core/1.3/hamcrest-core-1.3.jar:/Users/xis/.m2/repository/org/apache/tika/tika-core/1.14/tika-core-1.14.jar:/Users/xis/.m2/repository/me/tongfei/progressbar/0.5.5/progressbar-0.5.5.jar:/Users/xis/.m2/repository/jline/jline/2.12/jline-2.12.jar:/Users/xis/.m2/repository/com/alibaba/fastjson/1.2.28/fastjson-1.2.28.jar:"/>
    <property name="java.vm.vendor" value="Amazon.com Inc."/>
    <property name="sun.arch.data.model" value="64"/>
    <property name="java.vendor.url" value="https://aws.amazon.com/corretto/"/>
    <property name="os.name" value="Mac OS X"/>
    <property name="java.vm.specification.version" value="17"/>
    <property name="sun.java.launcher" value="SUN_STANDARD"/>
    <property name="user.country" value="US"/>
    <property name="sun.boot.library.path" value="/Library/Java/JavaVirtualMachines/amazon-corretto-17.jdk/Contents/Home/lib"/>
    <property name="sun.java.command" value="/Users/xis/workplace/xis/web-bee/webBee-core/target/surefire/surefirebooter-20240110105518887_3.jar /Users/xis/workplace/xis/web-bee/webBee-core/target/surefire 2024-01-10T10-55-18_836-jvmRun1 surefire-20240110105518887_1tmp surefire_0-20240110105518887_2tmp"/>
    <property name="jdk.debug" value="release"/>
    <property name="surefire.test.class.path" value="/Users/xis/workplace/xis/web-bee/webBee-core/target/test-classes:/Users/xis/workplace/xis/web-bee/webBee-core/target/classes:/Users/xis/.m2/repository/org/apache/httpcomponents/httpclient/4.5.2/httpclient-4.5.2.jar:/Users/xis/.m2/repository/org/apache/httpcomponents/httpcore/4.4.4/httpcore-4.4.4.jar:/Users/xis/.m2/repository/commons-logging/commons-logging/1.2/commons-logging-1.2.jar:/Users/xis/.m2/repository/commons-codec/commons-codec/1.9/commons-codec-1.9.jar:/Users/xis/.m2/repository/org/jsoup/jsoup/1.10.2/jsoup-1.10.2.jar:/Users/xis/.m2/repository/org/apache/commons/commons-lang3/3.1/commons-lang3-3.1.jar:/Users/xis/.m2/repository/log4j/log4j/1.2.17/log4j-1.2.17.jar:/Users/xis/.m2/repository/junit/junit/4.12/junit-4.12.jar:/Users/xis/.m2/repository/org/hamcrest/hamcrest-core/1.3/hamcrest-core-1.3.jar:/Users/xis/.m2/repository/org/apache/tika/tika-core/1.14/tika-core-1.14.jar:/Users/xis/.m2/repository/me/tongfei/progressbar/0.5.5/progressbar-0.5.5.jar:/Users/xis/.m2/repository/jline/jline/2.12/jline-2.12.jar:/Users/xis/.m2/repository/com/alibaba/fastjson/1.2.28/fastjson-1.2.28.jar:"/>
    <property name="sun.cpu.endian" value="little"/>
    <property name="user.home" value="/Users/xis"/>
    <property name="user.language" value="en"/>
    <property name="java.specification.vendor" value="Oracle Corporation"/>
    <property name="java.version.date" value="2023-10-17"/>
    <property name="java.home" value="/Library/Java/JavaVirtualMachines/amazon-corretto-17.jdk/Contents/Home"/>
    <property name="file.separator" value="/"/>
    <property name="basedir" value="/Users/xis/workplace/xis/web-bee/webBee-core"/>
    <property name="java.vm.compressedOopsMode" value="Zero based"/>
    <property name="line.separator" value="&#10;"/>
    <property name="java.vm.specification.vendor" value="Oracle Corporation"/>
    <property name="java.specification.name" value="Java Platform API Specification"/>
    <property name="surefire.real.class.path" value="/Users/xis/workplace/xis/web-bee/webBee-core/target/surefire/surefirebooter-20240110105518887_3.jar"/>
    <property name="sun.management.compiler" value="HotSpot 64-Bit Tiered Compilers"/>
    <property name="java.runtime.version" value="17.0.9+8-LTS"/>
    <property name="user.name" value="xis"/>
    <property name="path.separator" value=":"/>
    <property name="os.version" value="13.6.3"/>
    <property name="java.runtime.name" value="OpenJDK Runtime Environment"/>
    <property name="file.encoding" value="UTF-8"/>
    <property name="java.vm.name" value="OpenJDK 64-Bit Server VM"/>
    <property name="java.vendor.version" value="Corretto-17.0.9.8.1"/>
    <property name="localRepository" value="/Users/xis/.m2/repository"/>
    <property name="java.vendor.url.bug" value="https://github.com/corretto/corretto-17/issues/"/>
    <property name="java.io.tmpdir" value="/var/folders/s3/vhzd7_l55gl1x7vgrgn_jy7h0000gr/T/"/>
    <property name="java.version" value="17.0.9"/>
    <property name="user.dir" value="/Users/xis/workplace/xis/web-bee/webBee-core"/>
    <property name="os.arch" value="aarch64"/>
    <property name="java.vm.specification.name" value="Java Virtual Machine Specification"/>
    <property name="native.encoding" value="UTF-8"/>
    <property name="java.library.path" value="/Users/xis/Library/Java/Extensions:/Library/Java/Extensions:/Network/Library/Java/Extensions:/System/Library/Java/Extensions:/usr/lib/java:."/>
    <property name="java.vm.info" value="mixed mode, sharing"/>
    <property name="java.vendor" value="Amazon.com Inc."/>
    <property name="java.vm.version" value="17.0.9+8-LTS"/>
    <property name="sun.io.unicode.encoding" value="UnicodeBig"/>
    <property name="java.class.version" value="61.0"/>
  </properties>
  <testcase name="test" classname="downFile.TestFileDownload" time="0.003">
    <system-out><![CDATA[tumblr_mpzdiyv9rw1rwe56eo1_1280.jpg
/usr/local/img
]]></system-out>
    <system-err><![CDATA[下载目录不存在
]]></system-err>
  </testcase>
</testsuite>